2023-11-12 21:29:34,049 INFO o.a.j.u.JMeterUtils: Setting Locale to en_EN
2023-11-12 21:29:34,090 INFO o.a.j.JMeter: Loading user properties from: user.properties
2023-11-12 21:29:34,092 INFO o.a.j.JMeter: Loading system properties from: system.properties
2023-11-12 21:29:34,106 INFO o.a.j.JMeter: Copyright (c) 1998-2022 The Apache Software Foundation
2023-11-12 21:29:34,106 INFO o.a.j.JMeter: Version 5.5
2023-11-12 21:29:34,106 INFO o.a.j.JMeter: java.version=20.0.1
2023-11-12 21:29:34,106 INFO o.a.j.JMeter: java.vm.name=Java HotSpot(TM) 64-Bit Server VM
2023-11-12 21:29:34,106 INFO o.a.j.JMeter: os.name=Windows 11
2023-11-12 21:29:34,106 INFO o.a.j.JMeter: os.arch=amd64
2023-11-12 21:29:34,106 INFO o.a.j.JMeter: os.version=10.0
2023-11-12 21:29:34,106 INFO o.a.j.JMeter: file.encoding=UTF-8
2023-11-12 21:29:34,107 INFO o.a.j.JMeter: java.awt.headless=null
2023-11-12 21:29:34,107 INFO o.a.j.JMeter: Max memory     =1073741824
2023-11-12 21:29:34,107 INFO o.a.j.JMeter: Available Processors =12
2023-11-12 21:29:34,123 INFO o.a.j.JMeter: Default Locale=English (EN)
2023-11-12 21:29:34,123 INFO o.a.j.JMeter: JMeter  Locale=English (EN)
2023-11-12 21:29:34,123 INFO o.a.j.JMeter: JMeterHome=C:\apache-jmeter-5.5\apache-jmeter-5.5
2023-11-12 21:29:34,123 INFO o.a.j.JMeter: user.dir  =C:\apache-jmeter-5.5\apache-jmeter-5.5\bin
2023-11-12 21:29:34,123 INFO o.a.j.JMeter: PWD       =C:\apache-jmeter-5.5\apache-jmeter-5.5\bin
2023-11-12 21:29:34,126 INFO o.a.j.JMeter: IP: 172.27.160.1 Name: NTB220022 FullName: NTB220022.mshome.net
2023-11-12 21:29:34,144 INFO o.a.j.JMeter: Loaded icon properties from org/apache/jmeter/images/icon.properties
2023-11-12 21:29:34,440 INFO o.a.j.JMeterGuiLauncher: Setting LAF to: com.github.weisj.darklaf.DarkLaf:com.github.weisj.darklaf.theme.HighContrastLightTheme
